-------------------------------------------------------------------------------
Test set: Academy.AllureProject.Tests
-------------------------------------------------------------------------------
Tests run: 2, Failures: 1, Errors: 0, Skipped: 0, Time elapsed: 11.751 s <<< FAILURE! - in Academy.AllureProject.Tests
googleLogoTest(Academy.AllureProject.Tests)  Time elapsed: 0.37 s  <<< FAILURE!
java.lang.AssertionError: expected [true] but found [false]
	at Academy.AllureProject.Tests.googleLogoTest(Tests.java:43)

